<?xml version="1.0" encoding="UTF-8"?>
<testng-results ignored="0" total="2" passed="2" failed="0" skipped="0">
  <reporter-output>
  </reporter-output>
  <suite started-at="2025-08-04T11:48:03 PKT" name="Default suite" finished-at="2025-08-04T11:49:20 PKT" duration-ms="76425">
    <groups>
    </groups>
    <test started-at="2025-08-04T11:48:03 PKT" name="Default test" finished-at="2025-08-04T11:49:20 PKT" duration-ms="76425">
      <class name="TestPackage.EcommerceCheckFlow">
        <test-method is-config="true" signature="setup()[pri:0, instance:TestPackage.EcommerceCheckFlow@4e928fbf]" started-at="2025-08-04T11:48:03 PKT" name="setup" finished-at="2025-08-04T11:48:20 PKT" duration-ms="16428" status="PASS">
          <reporter-output>
          </reporter-output>
        </test-method> <!-- setup -->
        <test-method signature="testLoginScenarios()[pri:1, instance:TestPackage.EcommerceCheckFlow@4e928fbf]" started-at="2025-08-04T11:48:20 PKT" name="testLoginScenarios" finished-at="2025-08-04T11:48:48 PKT" duration-ms="28058" status="PASS">
          <reporter-output>
          </reporter-output>
        </test-method> <!-- testLoginScenarios -->
        <test-method signature="testInternalUserScenarios()[pri:2, instance:TestPackage.EcommerceCheckFlow@4e928fbf]" started-at="2025-08-04T11:48:48 PKT" name="testInternalUserScenarios" finished-at="2025-08-04T11:49:19 PKT" depends-on-methods="TestPackage.EcommerceCheckFlow.testLoginScenarios" duration-ms="30863" status="PASS">
          <reporter-output>
          </reporter-output>
        </test-method> <!-- testInternalUserScenarios -->
        <test-method is-config="true" signature="tearDown()[pri:0, instance:TestPackage.EcommerceCheckFlow@4e928fbf]" started-at="2025-08-04T11:49:19 PKT" name="tearDown" finished-at="2025-08-04T11:49:20 PKT" duration-ms="643" status="PASS">
          <reporter-output>
          </reporter-output>
        </test-method> <!-- tearDown -->
      </class> <!-- TestPackage.EcommerceCheckFlow -->
    </test> <!-- Default test -->
  </suite> <!-- Default suite -->
</testng-results>
